<?xml version="1.0" encoding="UTF-8"?>
<testsuite xmlns:xsi="http://www.w3.org/2001/XMLSchema-instance" xsi:noNamespaceSchemaLocation="https://maven.apache.org/surefire/maven-surefire-plugin/xsd/surefire-test-report.xsd" version="3.0.2" name="com.pep1devsecops.pep1devsecops.LibroServiceTest" time="1.55" tests="20" errors="0" skipped="0" failures="0">
  <properties>
[...]
</properties>
  <testcase name="testVenderLibro_NotEnoughStock" classname="com.pep1devsecops.pep1devsecops.LibroServiceTest" time="1.414">
    <system-err><![CDATA[Mockito is currently self-attaching to enable the inline-mock-maker. This will no longer work in future releases of the JDK. Please add Mockito as an agent to your build what is described in Mockito's documentation: https://javadoc.io/doc/org.mockito/mockito-core/latest/org/mockito/Mockito.html#0.3
WARNING: A Java agent has been loaded dynamically (C:\Users\Nicolas Gajardo\.m2\repository\net\bytebuddy\byte-buddy-agent\1.15.11\byte-buddy-agent-1.15.11.jar)
WARNING: If a serviceability tool is in use, please run with -XX:+EnableDynamicAgentLoading to hide this warning
WARNING: If a serviceability tool is not in use, please run with -Djdk.instrument.traceUsage for more information
WARNING: Dynamic loading of agents will be disallowed by default in a future release
]]></system-err>
  </testcase>
  <testcase name="testDeleteLibro" classname="com.pep1devsecops.pep1devsecops.LibroServiceTest" time="0.008"/>
  <testcase name="testBuscarLibros_SinCoincidencias" classname="com.pep1devsecops.pep1devsecops.LibroServiceTest" time="0.005"/>
  <testcase name="testBuscarLibros_CoincidenciaPorAutor" classname="com.pep1devsecops.pep1devsecops.LibroServiceTest" time="0.005"/>
  <testcase name="testUpdateLibro" classname="com.pep1devsecops.pep1devsecops.LibroServiceTest" time="0.007"/>
  <testcase name="testBuscarLibros_CoincidenciaPorStock" classname="com.pep1devsecops.pep1devsecops.LibroServiceTest" time="0.006"/>
  <testcase name="testGetLibroByTitulo" classname="com.pep1devsecops.pep1devsecops.LibroServiceTest" time="0.004"/>
  <testcase name="testDeleteLibroByTitulo" classname="com.pep1devsecops.pep1devsecops.LibroServiceTest" time="0.004"/>
  <testcase name="testVenderLibro_NotFound" classname="com.pep1devsecops.pep1devsecops.LibroServiceTest" time="0.004"/>
  <testcase name="testBuscarLibros_SearchVacio" classname="com.pep1devsecops.pep1devsecops.LibroServiceTest" time="0.004"/>
  <testcase name="testBuscarLibros_CoincidenciaPorTitulo" classname="com.pep1devsecops.pep1devsecops.LibroServiceTest" time="0.004"/>
  <testcase name="testBuscarLibros_CoincidenciaPorDescripcion" classname="com.pep1devsecops.pep1devsecops.LibroServiceTest" time="0.005"/>
  <testcase name="testSaveLibro" classname="com.pep1devsecops.pep1devsecops.LibroServiceTest" time="0.004"/>
  <testcase name="testBuscarLibros_CoincidenciaPorAnio" classname="com.pep1devsecops.pep1devsecops.LibroServiceTest" time="0.003"/>
  <testcase name="testDeleteLibro_Exception" classname="com.pep1devsecops.pep1devsecops.LibroServiceTest" time="0.007"/>
  <testcase name="testGetLibros" classname="com.pep1devsecops.pep1devsecops.LibroServiceTest" time="0.003"/>
  <testcase name="testVenderLibro_Success" classname="com.pep1devsecops.pep1devsecops.LibroServiceTest" time="0.004"/>
  <testcase name="testDeleteLibroByTitulo_Exception" classname="com.pep1devsecops.pep1devsecops.LibroServiceTest" time="0.005"/>
  <testcase name="testGetLibroById" classname="com.pep1devsecops.pep1devsecops.LibroServiceTest" time="0.003"/>
  <testcase name="testBuscarLibros_SearchNull" classname="com.pep1devsecops.pep1devsecops.LibroServiceTest" time="0.003"/>
</testsuite>